[12-Mar-2025 23:16:40 UTC] PHP Warning:  Undefined array key "host" in /workspaces/UX221Assignment3/.wordpress/wp-includes/pluggable.php on line 1625
[30-Mar-2025 10:54:42 UTC] PHP Fatal error:  Out of memory (allocated 35651584) (tried to allocate 94208 bytes) in /workspaces/UX221Assignment3/.wordpress/wp-includes/rest-api/endpoints/class-wp-rest-templates-controller.php on line 876
[30-Mar-2025 10:54:42 UTC] PHP Fatal error:  Uncaught Error: Call to undefined function get_plugins() in /workspaces/UX221Assignment3/.wordpress/wp-content/plugins/ecommerce-product-catalog/includes/tracking.php:509
Stack trace:
#0 /workspaces/UX221Assignment3/.wordpress/wp-content/plugins/ecommerce-product-catalog/includes/tracking.php(494): IC_EPC_Tracking->slugs()
#1 /workspaces/UX221Assignment3/.wordpress/wp-content/plugins/ecommerce-product-catalog/includes/tracking.php(464): IC_EPC_Tracking->supported_slug('/workspaces/UX2...')
#2 [internal function]: IC_EPC_Tracking->fatal()
#3 {main}
  thrown in /workspaces/UX221Assignment3/.wordpress/wp-content/plugins/ecommerce-product-catalog/includes/tracking.php on line 509
[30-Mar-2025 10:54:42 UTC] PHP Fatal error:  Out of memory (allocated 33554432) (tried to allocate 2097152 bytes) in /workspaces/UX221Assignment3/.wordpress/wp-content/plugins/ecommerce-product-catalog/modules/price/price-settings.php on line 26
[30-Mar-2025 10:54:48 UTC] PHP Fatal error:  Out of memory (allocated 31457280) (tried to allocate 2097152 bytes) in /workspaces/UX221Assignment3/.wordpress/wp-content/plugins/ecommerce-product-catalog/modules/price/price-meta.php on line 31
[30-Mar-2025 10:54:48 UTC] PHP Fatal error:  Out of memory (allocated 31457280) (tried to allocate 28672 bytes) in /workspaces/UX221Assignment3/.wordpress/wp-includes/PHPMailer/PHPMailer.php on line 2263
[30-Mar-2025 11:21:04 UTC] PHP Fatal error:  Out of memory (allocated 35651584) (tried to allocate 2097152 bytes) in /workspaces/UX221Assignment3/.wordpress/wp-content/plugins/ecommerce-product-catalog/modules/price/price-settings.php on line 28
[30-Mar-2025 11:21:04 UTC] PHP Fatal error:  Out of memory (allocated 33554432) (tried to allocate 2097152 bytes) in /workspaces/UX221Assignment3/.wordpress/wp-content/plugins/ecommerce-product-catalog/modules/price/price-settings.php on line 28
[30-Mar-2025 11:21:04 UTC] PHP Fatal error:  Out of memory (allocated 31457280) (tried to allocate 2097152 bytes) in /workspaces/UX221Assignment3/.wordpress/wp-content/plugins/ecommerce-product-catalog/modules/price/price-settings.php on line 28
[30-Mar-2025 11:21:05 UTC] PHP Fatal error:  Out of memory (allocated 31457280) (tried to allocate 2097152 bytes) in /workspaces/UX221Assignment3/.wordpress/wp-content/plugins/ecommerce-product-catalog/modules/price/price-settings.php on line 28
[30-Mar-2025 11:21:05 UTC] PHP Fatal error:  Out of memory (allocated 31457280) (tried to allocate 2097152 bytes) in /workspaces/UX221Assignment3/.wordpress/wp-content/plugins/ecommerce-product-catalog/modules/price/price-settings.php on line 28
[30-Mar-2025 11:21:05 UTC] PHP Fatal error:  Out of memory (allocated 31457280) (tried to allocate 2097152 bytes) in /workspaces/UX221Assignment3/.wordpress/wp-content/plugins/ecommerce-product-catalog/modules/price/price-settings.php on line 28
[30-Mar-2025 11:21:05 UTC] PHP Fatal error:  Out of memory (allocated 31457280) (tried to allocate 2097152 bytes) in /workspaces/UX221Assignment3/.wordpress/wp-content/plugins/ecommerce-product-catalog/modules/price/price-settings.php on line 28
[30-Mar-2025 11:21:06 UTC] PHP Fatal error:  Out of memory (allocated 31457280) (tried to allocate 2097152 bytes) in /workspaces/UX221Assignment3/.wordpress/wp-content/plugins/ecommerce-product-catalog/modules/price/price-settings.php on line 28
[30-Mar-2025 11:21:12 UTC] PHP Fatal error:  Out of memory (allocated 31457280) (tried to allocate 2097152 bytes) in /workspaces/UX221Assignment3/.wordpress/wp-content/plugins/ecommerce-product-catalog/modules/price/price-meta.php on line 32
[30-Mar-2025 11:21:20 UTC] PHP Fatal error:  Out of memory (allocated 31457280) (tried to allocate 2097152 bytes) in /workspaces/UX221Assignment3/.wordpress/wp-content/plugins/ecommerce-product-catalog/modules/price/price-settings.php on line 26
[30-Mar-2025 11:21:22 UTC] PHP Fatal error:  Out of memory (allocated 31457280) (tried to allocate 2097152 bytes) in /workspaces/UX221Assignment3/.wordpress/wp-content/plugins/ecommerce-product-catalog/modules/price/price-meta.php on line 32
[30-Mar-2025 11:21:32 UTC] PHP Fatal error:  Out of memory (allocated 31457280) (tried to allocate 2097152 bytes) in /workspaces/UX221Assignment3/.wordpress/wp-content/plugins/ecommerce-product-catalog/modules/price/price-meta.php on line 32
[30-Mar-2025 11:21:36 UTC] PHP Fatal error:  Out of memory (allocated 31457280) (tried to allocate 2097152 bytes) in /workspaces/UX221Assignment3/.wordpress/wp-content/plugins/ecommerce-product-catalog/modules/price/price-meta.php on line 57
[30-Mar-2025 11:21:38 UTC] PHP Fatal error:  Out of memory (allocated 31457280) (tried to allocate 2097152 bytes) in /workspaces/UX221Assignment3/.wordpress/wp-content/plugins/ecommerce-product-catalog/functions/functions.php on line 1833
[30-Mar-2025 11:21:51 UTC] PHP Fatal error:  Out of memory (allocated 31457280) (tried to allocate 2097152 bytes) in /workspaces/UX221Assignment3/.wordpress/wp-content/plugins/ecommerce-product-catalog/modules/price/price-settings.php on line 30
[30-Mar-2025 11:22:04 UTC] PHP Fatal error:  Out of memory (allocated 31457280) (tried to allocate 2097152 bytes) in /workspaces/UX221Assignment3/.wordpress/wp-content/plugins/ecommerce-product-catalog/modules/price/price-settings.php on line 30
[30-Mar-2025 11:23:32 UTC] PHP Fatal error:  Out of memory (allocated 31457280) (tried to allocate 2097152 bytes) in /workspaces/UX221Assignment3/.wordpress/wp-content/plugins/ecommerce-product-catalog/modules/price/price-settings.php on line 30
[30-Mar-2025 11:29:18 UTC] PHP Fatal error:  Out of memory (allocated 31457280) (tried to allocate 2097152 bytes) in /workspaces/UX221Assignment3/.wordpress/wp-content/plugins/ecommerce-product-catalog/modules/price/price-settings.php on line 30
[30-Mar-2025 11:30:33 UTC] PHP Fatal error:  Out of memory (allocated 31457280) (tried to allocate 2097152 bytes) in /workspaces/UX221Assignment3/.wordpress/wp-content/plugins/ecommerce-product-catalog/ext-comp/index.php on line 67
[30-Mar-2025 11:30:51 UTC] PHP Fatal error:  Out of memory (allocated 31457280) (tried to allocate 2097152 bytes) in /workspaces/UX221Assignment3/.wordpress/wp-content/plugins/ecommerce-product-catalog/ext-comp/index.php on line 67
[30-Mar-2025 12:26:59 UTC] PHP Fatal error:  Out of memory (allocated 37748736) (tried to allocate 2097152 bytes) in /workspaces/UX221Assignment3/.wordpress/wp-content/plugins/ecommerce-product-catalog/ext-comp/index.php on line 26
[30-Mar-2025 12:29:00 UTC] PHP Fatal error:  Out of memory (allocated 33554432) (tried to allocate 2097152 bytes) in /workspaces/UX221Assignment3/.wordpress/wp-content/plugins/ecommerce-product-catalog/ext-comp/index.php on line 26
[30-Mar-2025 12:31:02 UTC] PHP Fatal error:  Out of memory (allocated 31457280) (tried to allocate 2097152 bytes) in /workspaces/UX221Assignment3/.wordpress/wp-content/plugins/ecommerce-product-catalog/ext-comp/index.php on line 26
[30-Mar-2025 12:33:02 UTC] PHP Fatal error:  Out of memory (allocated 31457280) (tried to allocate 2097152 bytes) in /workspaces/UX221Assignment3/.wordpress/wp-content/plugins/ecommerce-product-catalog/ext-comp/index.php on line 26
[30-Mar-2025 12:34:02 UTC] PHP Fatal error:  Out of memory (allocated 31457280) (tried to allocate 2097152 bytes) in /workspaces/UX221Assignment3/.wordpress/wp-content/plugins/ecommerce-product-catalog/ext-comp/index.php on line 26
[30-Mar-2025 12:35:03 UTC] PHP Fatal error:  Out of memory (allocated 31457280) (tried to allocate 2097152 bytes) in /workspaces/UX221Assignment3/.wordpress/wp-content/plugins/ecommerce-product-catalog/ext-comp/index.php on line 26
[30-Mar-2025 12:36:03 UTC] PHP Fatal error:  Out of memory (allocated 31457280) (tried to allocate 2097152 bytes) in /workspaces/UX221Assignment3/.wordpress/wp-content/plugins/ecommerce-product-catalog/ext-comp/index.php on line 26
[30-Mar-2025 12:37:03 UTC] PHP Fatal error:  Out of memory (allocated 31457280) (tried to allocate 2097152 bytes) in /workspaces/UX221Assignment3/.wordpress/wp-content/plugins/ecommerce-product-catalog/ext-comp/index.php on line 26
[30-Mar-2025 12:38:03 UTC] PHP Fatal error:  Out of memory (allocated 31457280) (tried to allocate 2097152 bytes) in /workspaces/UX221Assignment3/.wordpress/wp-content/plugins/ecommerce-product-catalog/ext-comp/index.php on line 26
[30-Mar-2025 12:39:03 UTC] PHP Fatal error:  Out of memory (allocated 31457280) (tried to allocate 2097152 bytes) in /workspaces/UX221Assignment3/.wordpress/wp-content/plugins/ecommerce-product-catalog/functions/functions.php on line 1244
[30-Mar-2025 12:39:03 UTC] PHP Fatal error:  Out of memory (allocated 31457280) (tried to allocate 2097152 bytes) in /workspaces/UX221Assignment3/.wordpress/wp-content/plugins/ecommerce-product-catalog/ext-comp/index.php on line 26
[30-Mar-2025 12:39:27 UTC] PHP Fatal error:  Out of memory (allocated 31457280) (tried to allocate 2097152 bytes) in /workspaces/UX221Assignment3/.wordpress/wp-content/plugins/ecommerce-product-catalog/ext-comp/index.php on line 67
[30-Mar-2025 12:43:32 UTC] PHP Fatal error:  Out of memory (allocated 31457280) (tried to allocate 2097152 bytes) in /workspaces/UX221Assignment3/.wordpress/wp-content/plugins/ecommerce-product-catalog/ext-comp/index.php on line 67
[30-Mar-2025 13:06:23 UTC] PHP Warning:  Undefined variable $parent_theme_name in /workspaces/UX221Assignment3/.wordpress/wp-content/mu-plugins/one-click-child-theme/templates/create_child_form.php on line 18
[30-Mar-2025 13:14:07 UTC] PHP Fatal error:  Out of memory (allocated 35651584) (tried to allocate 2097152 bytes) in /workspaces/UX221Assignment3/.wordpress/wp-content/plugins/ecommerce-product-catalog/ext-comp/index.php on line 52
[30-Mar-2025 13:14:07 UTC] PHP Fatal error:  Out of memory (allocated 33554432) (tried to allocate 2097152 bytes) in /workspaces/UX221Assignment3/.wordpress/wp-content/plugins/ecommerce-product-catalog/ext-comp/index.php on line 52
[30-Mar-2025 13:14:08 UTC] PHP Fatal error:  Out of memory (allocated 31457280) (tried to allocate 2097152 bytes) in /workspaces/UX221Assignment3/.wordpress/wp-content/plugins/ecommerce-product-catalog/ext-comp/index.php on line 50
[30-Mar-2025 13:14:09 UTC] PHP Fatal error:  Out of memory (allocated 31457280) (tried to allocate 2097152 bytes) in /workspaces/UX221Assignment3/.wordpress/wp-content/plugins/ecommerce-product-catalog/ext-comp/index.php on line 50
[30-Mar-2025 13:14:16 UTC] PHP Fatal error:  Out of memory (allocated 31457280) (tried to allocate 2097152 bytes) in /workspaces/UX221Assignment3/.wordpress/wp-content/plugins/ecommerce-product-catalog/ext-comp/index.php on line 50
[30-Mar-2025 13:14:17 UTC] PHP Fatal error:  Out of memory (allocated 31457280) (tried to allocate 2097152 bytes) in /workspaces/UX221Assignment3/.wordpress/wp-content/plugins/ecommerce-product-catalog/ext-comp/index.php on line 50
[30-Mar-2025 13:14:18 UTC] PHP Fatal error:  Out of memory (allocated 31457280) (tried to allocate 2097152 bytes) in /workspaces/UX221Assignment3/.wordpress/wp-content/plugins/ecommerce-product-catalog/ext-comp/index.php on line 50
[30-Mar-2025 13:14:19 UTC] PHP Fatal error:  Out of memory (allocated 31457280) (tried to allocate 2097152 bytes) in /workspaces/UX221Assignment3/.wordpress/wp-content/plugins/ecommerce-product-catalog/ext-comp/index.php on line 50
[30-Mar-2025 13:14:20 UTC] PHP Fatal error:  Out of memory (allocated 31457280) (tried to allocate 2097152 bytes) in /workspaces/UX221Assignment3/.wordpress/wp-content/plugins/ecommerce-product-catalog/ext-comp/index.php on line 50
[30-Mar-2025 13:14:20 UTC] PHP Fatal error:  Out of memory (allocated 31457280) (tried to allocate 2097152 bytes) in /workspaces/UX221Assignment3/.wordpress/wp-content/plugins/ecommerce-product-catalog/ext-comp/index.php on line 50
[30-Mar-2025 13:14:21 UTC] PHP Fatal error:  Out of memory (allocated 31457280) (tried to allocate 2097152 bytes) in /workspaces/UX221Assignment3/.wordpress/wp-content/plugins/ecommerce-product-catalog/ext-comp/index.php on line 50
[30-Mar-2025 13:14:48 UTC] PHP Fatal error:  Out of memory (allocated 31457280) (tried to allocate 2097152 bytes) in /workspaces/UX221Assignment3/.wordpress/wp-content/plugins/ecommerce-product-catalog/ext-comp/index.php on line 23
[30-Mar-2025 13:14:52 UTC] PHP Fatal error:  Out of memory (allocated 31457280) (tried to allocate 2097152 bytes) in /workspaces/UX221Assignment3/.wordpress/wp-content/plugins/ecommerce-product-catalog/ext-comp/index.php on line 50
[30-Mar-2025 13:14:54 UTC] PHP Fatal error:  Out of memory (allocated 31457280) (tried to allocate 2097152 bytes) in /workspaces/UX221Assignment3/.wordpress/wp-content/plugins/ecommerce-product-catalog/ext-comp/index.php on line 23
[30-Mar-2025 13:15:49 UTC] PHP Fatal error:  Out of memory (allocated 31457280) (tried to allocate 2097152 bytes) in /workspaces/UX221Assignment3/.wordpress/wp-content/plugins/ecommerce-product-catalog/ext-comp/index.php on line 52
[30-Mar-2025 13:15:49 UTC] PHP Fatal error:  Out of memory (allocated 31457280) (tried to allocate 2097152 bytes) in /workspaces/UX221Assignment3/.wordpress/wp-content/plugins/ecommerce-product-catalog/ext-comp/index.php on line 23
[30-Mar-2025 13:15:54 UTC] PHP Fatal error:  Out of memory (allocated 31457280) (tried to allocate 2097152 bytes) in /workspaces/UX221Assignment3/.wordpress/wp-content/plugins/ecommerce-product-catalog/ext-comp/index.php on line 23
[30-Mar-2025 13:16:10 UTC] PHP Fatal error:  Out of memory (allocated 31457280) (tried to allocate 2097152 bytes) in /workspaces/UX221Assignment3/.wordpress/wp-content/plugins/ecommerce-product-catalog/ext-comp/index.php on line 50
[30-Mar-2025 13:16:11 UTC] PHP Fatal error:  Out of memory (allocated 31457280) (tried to allocate 2097152 bytes) in /workspaces/UX221Assignment3/.wordpress/wp-content/plugins/ecommerce-product-catalog/ext-comp/index.php on line 50
[30-Mar-2025 13:16:12 UTC] PHP Fatal error:  Out of memory (allocated 31457280) (tried to allocate 2097152 bytes) in /workspaces/UX221Assignment3/.wordpress/wp-content/plugins/ecommerce-product-catalog/ext-comp/index.php on line 50
[30-Mar-2025 13:16:13 UTC] PHP Fatal error:  Out of memory (allocated 31457280) (tried to allocate 2097152 bytes) in /workspaces/UX221Assignment3/.wordpress/wp-content/plugins/ecommerce-product-catalog/ext-comp/index.php on line 50
[30-Mar-2025 13:16:14 UTC] PHP Fatal error:  Out of memory (allocated 31457280) (tried to allocate 2097152 bytes) in /workspaces/UX221Assignment3/.wordpress/wp-content/plugins/ecommerce-product-catalog/ext-comp/index.php on line 50
[30-Mar-2025 13:16:15 UTC] PHP Fatal error:  Out of memory (allocated 31457280) (tried to allocate 2097152 bytes) in /workspaces/UX221Assignment3/.wordpress/wp-content/plugins/ecommerce-product-catalog/ext-comp/index.php on line 50
[30-Mar-2025 13:16:16 UTC] PHP Fatal error:  Out of memory (allocated 31457280) (tried to allocate 2097152 bytes) in /workspaces/UX221Assignment3/.wordpress/wp-content/plugins/ecommerce-product-catalog/ext-comp/index.php on line 50
[30-Mar-2025 13:16:17 UTC] PHP Fatal error:  Out of memory (allocated 31457280) (tried to allocate 2097152 bytes) in /workspaces/UX221Assignment3/.wordpress/wp-content/plugins/ecommerce-product-catalog/ext-comp/index.php on line 50
[30-Mar-2025 13:16:18 UTC] PHP Fatal error:  Out of memory (allocated 31457280) (tried to allocate 2097152 bytes) in /workspaces/UX221Assignment3/.wordpress/wp-content/plugins/ecommerce-product-catalog/ext-comp/index.php on line 50
[30-Mar-2025 13:16:19 UTC] PHP Fatal error:  Out of memory (allocated 31457280) (tried to allocate 2097152 bytes) in /workspaces/UX221Assignment3/.wordpress/wp-content/plugins/ecommerce-product-catalog/ext-comp/index.php on line 50
[30-Mar-2025 13:16:19 UTC] PHP Fatal error:  Out of memory (allocated 31457280) (tried to allocate 2097152 bytes) in /workspaces/UX221Assignment3/.wordpress/wp-content/plugins/ecommerce-product-catalog/ext-comp/index.php on line 50
[30-Mar-2025 13:16:20 UTC] PHP Fatal error:  Out of memory (allocated 31457280) (tried to allocate 2097152 bytes) in /workspaces/UX221Assignment3/.wordpress/wp-content/plugins/ecommerce-product-catalog/ext-comp/index.php on line 50
[30-Mar-2025 13:16:21 UTC] PHP Fatal error:  Out of memory (allocated 31457280) (tried to allocate 2097152 bytes) in /workspaces/UX221Assignment3/.wordpress/wp-content/plugins/ecommerce-product-catalog/ext-comp/index.php on line 50
[30-Mar-2025 13:16:22 UTC] PHP Fatal error:  Out of memory (allocated 31457280) (tried to allocate 2097152 bytes) in /workspaces/UX221Assignment3/.wordpress/wp-content/plugins/ecommerce-product-catalog/ext-comp/index.php on line 50
[30-Mar-2025 13:16:23 UTC] PHP Fatal error:  Out of memory (allocated 31457280) (tried to allocate 2097152 bytes) in /workspaces/UX221Assignment3/.wordpress/wp-content/plugins/ecommerce-product-catalog/ext-comp/index.php on line 50
[30-Mar-2025 13:16:24 UTC] PHP Fatal error:  Out of memory (allocated 31457280) (tried to allocate 2097152 bytes) in /workspaces/UX221Assignment3/.wordpress/wp-content/plugins/ecommerce-product-catalog/ext-comp/index.php on line 50
[30-Mar-2025 13:16:25 UTC] PHP Fatal error:  Out of memory (allocated 31457280) (tried to allocate 2097152 bytes) in /workspaces/UX221Assignment3/.wordpress/wp-content/plugins/ecommerce-product-catalog/ext-comp/index.php on line 50
[30-Mar-2025 13:16:26 UTC] PHP Fatal error:  Out of memory (allocated 31457280) (tried to allocate 2097152 bytes) in /workspaces/UX221Assignment3/.wordpress/wp-content/plugins/ecommerce-product-catalog/ext-comp/index.php on line 50
[30-Mar-2025 13:16:48 UTC] PHP Fatal error:  Out of memory (allocated 31457280) (tried to allocate 2097152 bytes) in /workspaces/UX221Assignment3/.wordpress/wp-content/plugins/ecommerce-product-catalog/ext-comp/index.php on line 23
[30-Mar-2025 13:16:54 UTC] PHP Fatal error:  Out of memory (allocated 31457280) (tried to allocate 2097152 bytes) in /workspaces/UX221Assignment3/.wordpress/wp-content/plugins/ecommerce-product-catalog/ext-comp/index.php on line 23
[30-Mar-2025 13:17:07 UTC] PHP Fatal error:  Out of memory (allocated 31457280) (tried to allocate 2097152 bytes) in /workspaces/UX221Assignment3/.wordpress/wp-content/plugins/ecommerce-product-catalog/ext-comp/index.php on line 50
[30-Mar-2025 13:17:08 UTC] PHP Fatal error:  Out of memory (allocated 31457280) (tried to allocate 2097152 bytes) in /workspaces/UX221Assignment3/.wordpress/wp-content/plugins/ecommerce-product-catalog/ext-comp/index.php on line 50
[30-Mar-2025 13:17:09 UTC] PHP Fatal error:  Out of memory (allocated 31457280) (tried to allocate 2097152 bytes) in /workspaces/UX221Assignment3/.wordpress/wp-content/plugins/ecommerce-product-catalog/ext-comp/index.php on line 50
[30-Mar-2025 13:17:18 UTC] PHP Fatal error:  Out of memory (allocated 31457280) (tried to allocate 2097152 bytes) in /workspaces/UX221Assignment3/.wordpress/wp-content/plugins/ecommerce-product-catalog/ext-comp/index.php on line 50
[30-Mar-2025 13:17:18 UTC] PHP Fatal error:  Out of memory (allocated 31457280) (tried to allocate 2097152 bytes) in /workspaces/UX221Assignment3/.wordpress/wp-content/plugins/ecommerce-product-catalog/ext-comp/index.php on line 50
[30-Mar-2025 13:17:18 UTC] PHP Fatal error:  Out of memory (allocated 31457280) (tried to allocate 2097152 bytes) in /workspaces/UX221Assignment3/.wordpress/wp-content/plugins/ecommerce-product-catalog/ext-comp/index.php on line 50
[30-Mar-2025 13:17:18 UTC] PHP Fatal error:  Out of memory (allocated 31457280) (tried to allocate 2097152 bytes) in /workspaces/UX221Assignment3/.wordpress/wp-content/plugins/ecommerce-product-catalog/ext-comp/index.php on line 50
[30-Mar-2025 13:17:19 UTC] PHP Fatal error:  Out of memory (allocated 31457280) (tried to allocate 2097152 bytes) in /workspaces/UX221Assignment3/.wordpress/wp-content/plugins/ecommerce-product-catalog/ext-comp/index.php on line 50
[30-Mar-2025 13:17:54 UTC] PHP Fatal error:  Out of memory (allocated 31457280) (tried to allocate 2097152 bytes) in /workspaces/UX221Assignment3/.wordpress/wp-content/plugins/ecommerce-product-catalog/ext-comp/index.php on line 23
[30-Mar-2025 13:17:55 UTC] PHP Fatal error:  Out of memory (allocated 31457280) (tried to allocate 2097152 bytes) in /workspaces/UX221Assignment3/.wordpress/wp-content/plugins/ecommerce-product-catalog/ext-comp/index.php on line 23
[30-Mar-2025 13:18:56 UTC] PHP Fatal error:  Out of memory (allocated 31457280) (tried to allocate 2097152 bytes) in /workspaces/UX221Assignment3/.wordpress/wp-content/plugins/ecommerce-product-catalog/ext-comp/index.php on line 23
[30-Mar-2025 13:19:56 UTC] PHP Fatal error:  Out of memory (allocated 31457280) (tried to allocate 2097152 bytes) in /workspaces/UX221Assignment3/.wordpress/wp-content/plugins/ecommerce-product-catalog/ext-comp/index.php on line 23
[30-Mar-2025 13:20:57 UTC] PHP Fatal error:  Out of memory (allocated 31457280) (tried to allocate 2097152 bytes) in /workspaces/UX221Assignment3/.wordpress/wp-content/plugins/ecommerce-product-catalog/ext-comp/index.php on line 23
[30-Mar-2025 13:23:00 UTC] PHP Fatal error:  Out of memory (allocated 31457280) (tried to allocate 2097152 bytes) in /workspaces/UX221Assignment3/.wordpress/wp-content/plugins/ecommerce-product-catalog/ext-comp/index.php on line 23
[30-Mar-2025 13:23:41 UTC] PHP Fatal error:  Out of memory (allocated 31457280) (tried to allocate 2097152 bytes) in /workspaces/UX221Assignment3/.wordpress/wp-content/plugins/ecommerce-product-catalog/ext-comp/index.php on line 67
[30-Mar-2025 13:24:59 UTC] PHP Fatal error:  Out of memory (allocated 31457280) (tried to allocate 2097152 bytes) in /workspaces/UX221Assignment3/.wordpress/wp-content/plugins/ecommerce-product-catalog/ext-comp/index.php on line 23
[30-Mar-2025 14:44:53 UTC] PHP Fatal error:  Out of memory (allocated 37748736) (tried to allocate 2097152 bytes) in /workspaces/UX221Assignment3/.wordpress/wp-content/plugins/ecommerce-product-catalog/ext-comp/index.php on line 18
[30-Mar-2025 14:44:53 UTC] PHP Fatal error:  Out of memory (allocated 33554432) (tried to allocate 2097152 bytes) in /workspaces/UX221Assignment3/.wordpress/wp-content/plugins/ecommerce-product-catalog/functions/shortcodes.php on line 239
[30-Mar-2025 14:45:09 UTC] PHP Fatal error:  Out of memory (allocated 31457280) (tried to allocate 2097152 bytes) in /workspaces/UX221Assignment3/.wordpress/wp-content/plugins/ecommerce-product-catalog/ext-comp/index.php on line 18
[30-Mar-2025 14:45:35 UTC] PHP Fatal error:  Out of memory (allocated 31457280) (tried to allocate 2097152 bytes) in /workspaces/UX221Assignment3/.wordpress/wp-content/plugins/ecommerce-product-catalog/functions/shortcodes.php on line 239
[30-Mar-2025 14:45:53 UTC] PHP Fatal error:  Out of memory (allocated 31457280) (tried to allocate 2097152 bytes) in /workspaces/UX221Assignment3/.wordpress/wp-content/plugins/ecommerce-product-catalog/ext-comp/index.php on line 18
[30-Mar-2025 14:46:09 UTC] PHP Fatal error:  Out of memory (allocated 31457280) (tried to allocate 2097152 bytes) in /workspaces/UX221Assignment3/.wordpress/wp-content/plugins/ecommerce-product-catalog/ext-comp/index.php on line 18
[30-Mar-2025 14:46:49 UTC] PHP Fatal error:  Out of memory (allocated 31457280) (tried to allocate 2097152 bytes) in /workspaces/UX221Assignment3/.wordpress/wp-content/plugins/ecommerce-product-catalog/functions/shortcodes.php on line 239
[30-Mar-2025 14:46:56 UTC] PHP Fatal error:  Out of memory (allocated 31457280) (tried to allocate 2097152 bytes) in /workspaces/UX221Assignment3/.wordpress/wp-content/plugins/ecommerce-product-catalog/functions/functions.php on line 756
[30-Mar-2025 14:47:54 UTC] PHP Fatal error:  Out of memory (allocated 31457280) (tried to allocate 2097152 bytes) in /workspaces/UX221Assignment3/.wordpress/wp-content/plugins/ecommerce-product-catalog/ext-comp/index.php on line 18
[30-Mar-2025 14:49:05 UTC] PHP Fatal error:  Out of memory (allocated 31457280) (tried to allocate 2097152 bytes) in /workspaces/UX221Assignment3/.wordpress/wp-content/plugins/ecommerce-product-catalog/ext-comp/index.php on line 71
[30-Mar-2025 14:52:41 UTC] PHP Fatal error:  Out of memory (allocated 31457280) (tried to allocate 2097152 bytes) in /workspaces/UX221Assignment3/.wordpress/wp-content/plugins/ecommerce-product-catalog/ext-comp/index.php on line 71
[30-Mar-2025 15:21:20 UTC] PHP Fatal error:  Out of memory (allocated 39845888) (tried to allocate 8192 bytes) in /workspaces/UX221Assignment3/.wordpress/wp-includes/fonts/class-wp-font-face.php on line 270
[30-Mar-2025 15:21:20 UTC] PHP Fatal error:  Out of memory (allocated 35651584) (tried to allocate 2097152 bytes) in /workspaces/UX221Assignment3/.wordpress/wp-content/plugins/ecommerce-product-catalog/ext-comp/index.php on line 37
[30-Mar-2025 15:21:21 UTC] PHP Fatal error:  Out of memory (allocated 33554432) (tried to allocate 2097152 bytes) in /workspaces/UX221Assignment3/.wordpress/wp-content/plugins/ecommerce-product-catalog/ext-comp/index.php on line 37
[30-Mar-2025 15:21:21 UTC] PHP Fatal error:  Out of memory (allocated 31457280) (tried to allocate 2097152 bytes) in /workspaces/UX221Assignment3/.wordpress/wp-content/plugins/ecommerce-product-catalog/functions/functions.php on line 1246
[30-Mar-2025 15:21:21 UTC] PHP Fatal error:  Out of memory (allocated 31457280) (tried to allocate 2097152 bytes) in /workspaces/UX221Assignment3/.wordpress/wp-content/plugins/ecommerce-product-catalog/ext-comp/index.php on line 37
[30-Mar-2025 15:21:21 UTC] PHP Fatal error:  Out of memory (allocated 31457280) (tried to allocate 2097152 bytes) in /workspaces/UX221Assignment3/.wordpress/wp-content/plugins/ecommerce-product-catalog/ext-comp/index.php on line 37
[30-Mar-2025 15:21:22 UTC] PHP Fatal error:  Out of memory (allocated 31457280) (tried to allocate 2097152 bytes) in /workspaces/UX221Assignment3/.wordpress/wp-content/plugins/ecommerce-product-catalog/ext-comp/index.php on line 37
[30-Mar-2025 15:21:22 UTC] PHP Fatal error:  Out of memory (allocated 31457280) (tried to allocate 2097152 bytes) in /workspaces/UX221Assignment3/.wordpress/wp-content/plugins/ecommerce-product-catalog/ext-comp/index.php on line 37
